<?xml version="1.0" encoding="UTF-8"?>
<coverage generated="1714397331392" clover="3.2.0">
  <project timestamp="1714397331393" name="All files">
    <metrics statements="20" coveredstatements="18" conditionals="4" coveredconditionals="3" methods="5" coveredmethods="4" elements="29" coveredelements="25" complexity="0" loc="20" ncloc="20" packages="1" files="1" classes="1"/>
    <file name="panoramas.controller.js" path="C:\Users\Vlad\Documents\BookingIasi\src\server\src\routes\panoramas\panoramas.controller.js">
      <metrics statements="20" coveredstatements="18" conditionals="4" coveredconditionals="3" methods="5" coveredmethods="4"/>
      <line num="10" count="0" type="stmt"/>
      <line num="14" count="4" type="stmt"/>
      <line num="15" count="4" type="stmt"/>
      <line num="17" count="4" type="stmt"/>
      <line num="18" count="4" type="stmt"/>
      <line num="19" count="1" type="stmt"/>
      <line num="21" count="3" type="cond" truecount="2" falsecount="0"/>
      <line num="22" count="1" type="stmt"/>
      <line num="27" count="2" type="stmt"/>
      <line num="35" count="2" type="stmt"/>
      <line num="36" count="2" type="stmt"/>
      <line num="37" count="2" type="stmt"/>
      <line num="39" count="2" type="stmt"/>
      <line num="40" count="2" type="stmt"/>
      <line num="41" count="1" type="stmt"/>
      <line num="43" count="1" type="cond" truecount="1" falsecount="1"/>
      <line num="44" count="1" type="stmt"/>
      <line num="49" count="0" type="stmt"/>
      <line num="57" count="1" type="stmt"/>
      <line num="61" count="1" type="stmt"/>
    </file>
  </project>
</coverage>
