{"/home/andreea/BookingIasi/src/server/src/routes/panoramas/panoramas.controller.js": {"path":"/home/andreea/BookingIasi/src/server/src/routes/panoramas/panoramas.controller.js","statementMap":{"0":{"start":{"line":9,"column":18},"end":{"line":9,"column":33}},"1":{"start":{"line":10,"column":20},"end":{"line":10,"column":37}},"2":{"start":{"line":11,"column":18},"end":{"line":11,"column":33}},"3":{"start":{"line":12,"column":21},"end":{"line":12,"column":39}},"4":{"start":{"line":14,"column":4},"end":{"line":30,"column":5}},"5":{"start":{"line":15,"column":8},"end":{"line":15,"column":39}},"6":{"start":{"line":16,"column":8},"end":{"line":16,"column":53}},"7":{"start":{"line":17,"column":25},"end":{"line":17,"column":75}},"8":{"start":{"line":18,"column":8},"end":{"line":18,"column":46}},"9":{"start":{"line":20,"column":8},"end":{"line":29,"column":9}},"10":{"start":{"line":21,"column":12},"end":{"line":23,"column":15}},"11":{"start":{"line":26,"column":12},"end":{"line":28,"column":15}},"12":{"start":{"line":35,"column":4},"end":{"line":35,"column":40}},"13":{"start":{"line":36,"column":18},"end":{"line":36,"column":33}},"14":{"start":{"line":37,"column":20},"end":{"line":37,"column":37}},"15":{"start":{"line":38,"column":18},"end":{"line":38,"column":33}},"16":{"start":{"line":40,"column":4},"end":{"line":56,"column":5}},"17":{"start":{"line":41,"column":8},"end":{"line":41,"column":40}},"18":{"start":{"line":42,"column":30},"end":{"line":42,"column":75}},"19":{"start":{"line":43,"column":8},"end":{"line":43,"column":44}},"20":{"start":{"line":45,"column":8},"end":{"line":55,"column":9}},"21":{"start":{"line":46,"column":12},"end":{"line":48,"column":15}},"22":{"start":{"line":51,"column":12},"end":{"line":51,"column":31}},"23":{"start":{"line":52,"column":12},"end":{"line":54,"column":15}},"24":{"start":{"line":60,"column":4},"end":{"line":60,"column":27}},"25":{"start":{"line":64,"column":4},"end":{"line":64,"column":32}}},"fnMap":{"0":{"name":"httpGetPanorama","decl":{"start":{"line":8,"column":15},"end":{"line":8,"column":30}},"loc":{"start":{"line":8,"column":41},"end":{"line":31,"column":1}},"line":8},"1":{"name":"httpGetPanoramaScene","decl":{"start":{"line":33,"column":15},"end":{"line":33,"column":35}},"loc":{"start":{"line":33,"column":46},"end":{"line":57,"column":1}},"line":33},"2":{"name":"httpUploadPanorama","decl":{"start":{"line":59,"column":15},"end":{"line":59,"column":33}},"loc":{"start":{"line":59,"column":44},"end":{"line":61,"column":1}},"line":59},"3":{"name":"httpUpdatePanoramaScene","decl":{"start":{"line":63,"column":15},"end":{"line":63,"column":38}},"loc":{"start":{"line":63,"column":49},"end":{"line":65,"column":1}},"line":63}},"branchMap":{"0":{"loc":{"start":{"line":20,"column":8},"end":{"line":29,"column":9}},"type":"if","locations":[{"start":{"line":20,"column":8},"end":{"line":29,"column":9}},{"start":{"line":25,"column":13},"end":{"line":29,"column":9}}],"line":20},"1":{"loc":{"start":{"line":45,"column":8},"end":{"line":55,"column":9}},"type":"if","locations":[{"start":{"line":45,"column":8},"end":{"line":55,"column":9}},{"start":{"line":50,"column":13},"end":{"line":55,"column":9}}],"line":45}},"s":{"0":4,"1":4,"2":4,"3":4,"4":4,"5":4,"6":4,"7":4,"8":1,"9":3,"10":1,"11":2,"12":2,"13":2,"14":2,"15":2,"16":2,"17":2,"18":2,"19":1,"20":1,"21":1,"22":0,"23":0,"24":0,"25":0},"f":{"0":4,"1":2,"2":0,"3":0},"b":{"0":[1,2],"1":[1,0]},"_coverageSchema":"1a1c01bbd47fc00a2c39e90264f33305004495a9","hash":"87dbbb9980ca3d1b780fa070abffccc7a25f75d4"}
,"/home/andreea/BookingIasi/src/server/src/routes/userProfile/userProfile.controller.js": {"path":"/home/andreea/BookingIasi/src/server/src/routes/userProfile/userProfile.controller.js","statementMap":{"0":{"start":{"line":5,"column":4},"end":{"line":20,"column":5}},"1":{"start":{"line":6,"column":8},"end":{"line":10,"column":13}},"2":{"start":{"line":12,"column":10},"end":{"line":16,"column":13}},"3":{"start":{"line":17,"column":10},"end":{"line":17,"column":89}},"4":{"start":{"line":19,"column":8},"end":{"line":19,"column":94}},"5":{"start":{"line":24,"column":4},"end":{"line":24,"column":41}},"6":{"start":{"line":25,"column":4},"end":{"line":35,"column":5}},"7":{"start":{"line":26,"column":23},"end":{"line":26,"column":124}},"8":{"start":{"line":27,"column":22},"end":{"line":27,"column":76}},"9":{"start":{"line":28,"column":8},"end":{"line":32,"column":9}},"10":{"start":{"line":29,"column":12},"end":{"line":29,"column":82}},"11":{"start":{"line":31,"column":12},"end":{"line":31,"column":93}},"12":{"start":{"line":34,"column":8},"end":{"line":34,"column":94}},"13":{"start":{"line":40,"column":35},"end":{"line":40,"column":43}},"14":{"start":{"line":42,"column":4},"end":{"line":46,"column":5}},"15":{"start":{"line":43,"column":8},"end":{"line":43,"column":92}},"16":{"start":{"line":44,"column":8},"end":{"line":44,"column":18}},"17":{"start":{"line":45,"column":8},"end":{"line":45,"column":15}},"18":{"start":{"line":48,"column":4},"end":{"line":52,"column":5}},"19":{"start":{"line":49,"column":8},"end":{"line":49,"column":92}},"20":{"start":{"line":50,"column":8},"end":{"line":50,"column":18}},"21":{"start":{"line":51,"column":8},"end":{"line":51,"column":15}},"22":{"start":{"line":54,"column":17},"end":{"line":54,"column":41}},"23":{"start":{"line":55,"column":4},"end":{"line":55,"column":26}},"24":{"start":{"line":56,"column":27},"end":{"line":56,"column":45}},"25":{"start":{"line":58,"column":19},"end":{"line":58,"column":106}},"26":{"start":{"line":60,"column":18},"end":{"line":60,"column":72}},"27":{"start":{"line":62,"column":4},"end":{"line":83,"column":5}},"28":{"start":{"line":63,"column":8},"end":{"line":63,"column":104}},"29":{"start":{"line":66,"column":8},"end":{"line":81,"column":9}},"30":{"start":{"line":67,"column":12},"end":{"line":72,"column":15}},"31":{"start":{"line":73,"column":12},"end":{"line":78,"column":15}},"32":{"start":{"line":80,"column":12},"end":{"line":80,"column":46}},"33":{"start":{"line":82,"column":8},"end":{"line":82,"column":78}},"34":{"start":{"line":84,"column":4},"end":{"line":84,"column":14}},"35":{"start":{"line":88,"column":65},"end":{"line":88,"column":73}},"36":{"start":{"line":90,"column":4},"end":{"line":94,"column":5}},"37":{"start":{"line":91,"column":8},"end":{"line":91,"column":94}},"38":{"start":{"line":92,"column":8},"end":{"line":92,"column":18}},"39":{"start":{"line":93,"column":8},"end":{"line":93,"column":15}},"40":{"start":{"line":95,"column":4},"end":{"line":99,"column":5}},"41":{"start":{"line":96,"column":8},"end":{"line":96,"column":95}},"42":{"start":{"line":97,"column":8},"end":{"line":97,"column":18}},"43":{"start":{"line":98,"column":8},"end":{"line":98,"column":15}},"44":{"start":{"line":100,"column":4},"end":{"line":104,"column":5}},"45":{"start":{"line":101,"column":8},"end":{"line":101,"column":92}},"46":{"start":{"line":102,"column":8},"end":{"line":102,"column":18}},"47":{"start":{"line":103,"column":8},"end":{"line":103,"column":15}},"48":{"start":{"line":105,"column":4},"end":{"line":109,"column":5}},"49":{"start":{"line":106,"column":8},"end":{"line":106,"column":89}},"50":{"start":{"line":107,"column":8},"end":{"line":107,"column":18}},"51":{"start":{"line":108,"column":8},"end":{"line":108,"column":15}},"52":{"start":{"line":110,"column":4},"end":{"line":114,"column":5}},"53":{"start":{"line":111,"column":8},"end":{"line":111,"column":92}},"54":{"start":{"line":112,"column":8},"end":{"line":112,"column":18}},"55":{"start":{"line":113,"column":8},"end":{"line":113,"column":15}},"56":{"start":{"line":116,"column":19},"end":{"line":116,"column":71}},"57":{"start":{"line":118,"column":18},"end":{"line":118,"column":72}},"58":{"start":{"line":120,"column":4},"end":{"line":124,"column":5}},"59":{"start":{"line":121,"column":8},"end":{"line":121,"column":89}},"60":{"start":{"line":122,"column":8},"end":{"line":122,"column":18}},"61":{"start":{"line":123,"column":8},"end":{"line":123,"column":15}},"62":{"start":{"line":126,"column":17},"end":{"line":126,"column":41}},"63":{"start":{"line":127,"column":4},"end":{"line":127,"column":26}},"64":{"start":{"line":128,"column":27},"end":{"line":128,"column":45}},"65":{"start":{"line":130,"column":25},"end":{"line":132,"column":6}},"66":{"start":{"line":133,"column":4},"end":{"line":133,"column":32}},"67":{"start":{"line":134,"column":17},"end":{"line":134,"column":77}},"68":{"start":{"line":135,"column":4},"end":{"line":156,"column":7}},"69":{"start":{"line":136,"column":8},"end":{"line":136,"column":121}},"70":{"start":{"line":139,"column":8},"end":{"line":154,"column":9}},"71":{"start":{"line":140,"column":12},"end":{"line":145,"column":15}},"72":{"start":{"line":146,"column":12},"end":{"line":151,"column":15}},"73":{"start":{"line":153,"column":12},"end":{"line":153,"column":46}},"74":{"start":{"line":155,"column":8},"end":{"line":155,"column":79}},"75":{"start":{"line":158,"column":6},"end":{"line":158,"column":16}},"76":{"start":{"line":164,"column":21},"end":{"line":164,"column":41}},"77":{"start":{"line":168,"column":8},"end":{"line":168,"column":16}},"78":{"start":{"line":171,"column":4},"end":{"line":173,"column":5}},"79":{"start":{"line":172,"column":8},"end":{"line":172,"column":94}},"80":{"start":{"line":175,"column":27},"end":{"line":178,"column":39}},"81":{"start":{"line":180,"column":4},"end":{"line":186,"column":5}},"82":{"start":{"line":181,"column":8},"end":{"line":181,"column":69}},"83":{"start":{"line":182,"column":8},"end":{"line":182,"column":81}},"84":{"start":{"line":184,"column":8},"end":{"line":184,"column":62}},"85":{"start":{"line":185,"column":8},"end":{"line":185,"column":90}}},"fnMap":{"0":{"name":"logout","decl":{"start":{"line":4,"column":15},"end":{"line":4,"column":21}},"loc":{"start":{"line":4,"column":31},"end":{"line":21,"column":1}},"line":4},"1":{"name":"checkCookie","decl":{"start":{"line":23,"column":15},"end":{"line":23,"column":26}},"loc":{"start":{"line":23,"column":36},"end":{"line":36,"column":1}},"line":23},"2":{"name":"checkCredentialsAgainstDatabase","decl":{"start":{"line":38,"column":15},"end":{"line":38,"column":46}},"loc":{"start":{"line":38,"column":56},"end":{"line":85,"column":1}},"line":38},"3":{"name":"addCredentialsToDatabase","decl":{"start":{"line":87,"column":15},"end":{"line":87,"column":39}},"loc":{"start":{"line":87,"column":49},"end":{"line":159,"column":1}},"line":87},"4":{"name":"saveHealthData","decl":{"start":{"line":162,"column":15},"end":{"line":162,"column":29}},"loc":{"start":{"line":162,"column":40},"end":{"line":187,"column":1}},"line":162}},"branchMap":{"0":{"loc":{"start":{"line":5,"column":4},"end":{"line":20,"column":5}},"type":"if","locations":[{"start":{"line":5,"column":4},"end":{"line":20,"column":5}},{"start":{"line":18,"column":11},"end":{"line":20,"column":5}}],"line":5},"1":{"loc":{"start":{"line":5,"column":8},"end":{"line":5,"column":63}},"type":"binary-expr","locations":[{"start":{"line":5,"column":8},"end":{"line":5,"column":19}},{"start":{"line":5,"column":23},"end":{"line":5,"column":39}},{"start":{"line":5,"column":43},"end":{"line":5,"column":63}}],"line":5},"2":{"loc":{"start":{"line":25,"column":4},"end":{"line":35,"column":5}},"type":"if","locations":[{"start":{"line":25,"column":4},"end":{"line":35,"column":5}},{"start":{"line":33,"column":11},"end":{"line":35,"column":5}}],"line":25},"3":{"loc":{"start":{"line":25,"column":8},"end":{"line":25,"column":63}},"type":"binary-expr","locations":[{"start":{"line":25,"column":8},"end":{"line":25,"column":19}},{"start":{"line":25,"column":23},"end":{"line":25,"column":39}},{"start":{"line":25,"column":43},"end":{"line":25,"column":63}}],"line":25},"4":{"loc":{"start":{"line":28,"column":8},"end":{"line":32,"column":9}},"type":"if","locations":[{"start":{"line":28,"column":8},"end":{"line":32,"column":9}},{"start":{"line":30,"column":13},"end":{"line":32,"column":9}}],"line":28},"5":{"loc":{"start":{"line":42,"column":4},"end":{"line":46,"column":5}},"type":"if","locations":[{"start":{"line":42,"column":4},"end":{"line":46,"column":5}},{"start":{},"end":{}}],"line":42},"6":{"loc":{"start":{"line":48,"column":4},"end":{"line":52,"column":5}},"type":"if","locations":[{"start":{"line":48,"column":4},"end":{"line":52,"column":5}},{"start":{},"end":{}}],"line":48},"7":{"loc":{"start":{"line":62,"column":4},"end":{"line":83,"column":5}},"type":"if","locations":[{"start":{"line":62,"column":4},"end":{"line":83,"column":5}},{"start":{"line":65,"column":8},"end":{"line":83,"column":5}}],"line":62},"8":{"loc":{"start":{"line":66,"column":8},"end":{"line":81,"column":9}},"type":"if","locations":[{"start":{"line":66,"column":8},"end":{"line":81,"column":9}},{"start":{"line":79,"column":13},"end":{"line":81,"column":9}}],"line":66},"9":{"loc":{"start":{"line":66,"column":12},"end":{"line":66,"column":69}},"type":"binary-expr","locations":[{"start":{"line":66,"column":12},"end":{"line":66,"column":24}},{"start":{"line":66,"column":28},"end":{"line":66,"column":45}},{"start":{"line":66,"column":48},"end":{"line":66,"column":69}}],"line":66},"10":{"loc":{"start":{"line":90,"column":4},"end":{"line":94,"column":5}},"type":"if","locations":[{"start":{"line":90,"column":4},"end":{"line":94,"column":5}},{"start":{},"end":{}}],"line":90},"11":{"loc":{"start":{"line":95,"column":4},"end":{"line":99,"column":5}},"type":"if","locations":[{"start":{"line":95,"column":4},"end":{"line":99,"column":5}},{"start":{},"end":{}}],"line":95},"12":{"loc":{"start":{"line":100,"column":4},"end":{"line":104,"column":5}},"type":"if","locations":[{"start":{"line":100,"column":4},"end":{"line":104,"column":5}},{"start":{},"end":{}}],"line":100},"13":{"loc":{"start":{"line":105,"column":4},"end":{"line":109,"column":5}},"type":"if","locations":[{"start":{"line":105,"column":4},"end":{"line":109,"column":5}},{"start":{},"end":{}}],"line":105},"14":{"loc":{"start":{"line":110,"column":4},"end":{"line":114,"column":5}},"type":"if","locations":[{"start":{"line":110,"column":4},"end":{"line":114,"column":5}},{"start":{},"end":{}}],"line":110},"15":{"loc":{"start":{"line":120,"column":4},"end":{"line":124,"column":5}},"type":"if","locations":[{"start":{"line":120,"column":4},"end":{"line":124,"column":5}},{"start":{},"end":{}}],"line":120},"16":{"loc":{"start":{"line":135,"column":4},"end":{"line":156,"column":7}},"type":"if","locations":[{"start":{"line":135,"column":4},"end":{"line":156,"column":7}},{"start":{"line":137,"column":13},"end":{"line":156,"column":7}}],"line":135},"17":{"loc":{"start":{"line":139,"column":8},"end":{"line":154,"column":9}},"type":"if","locations":[{"start":{"line":139,"column":8},"end":{"line":154,"column":9}},{"start":{"line":152,"column":13},"end":{"line":154,"column":9}}],"line":139},"18":{"loc":{"start":{"line":139,"column":12},"end":{"line":139,"column":69}},"type":"binary-expr","locations":[{"start":{"line":139,"column":12},"end":{"line":139,"column":24}},{"start":{"line":139,"column":28},"end":{"line":139,"column":45}},{"start":{"line":139,"column":48},"end":{"line":139,"column":69}}],"line":139},"19":{"loc":{"start":{"line":171,"column":4},"end":{"line":173,"column":5}},"type":"if","locations":[{"start":{"line":171,"column":4},"end":{"line":173,"column":5}},{"start":{},"end":{}}],"line":171}},"s":{"0":0,"1":0,"2":0,"3":0,"4":0,"5":0,"6":0,"7":0,"8":0,"9":0,"10":0,"11":0,"12":0,"13":4,"14":4,"15":1,"16":1,"17":1,"18":3,"19":1,"20":1,"21":1,"22":2,"23":2,"24":2,"25":2,"26":2,"27":2,"28":1,"29":1,"30":1,"31":0,"32":0,"33":0,"34":1,"35":7,"36":7,"37":1,"38":1,"39":1,"40":6,"41":1,"42":1,"43":1,"44":5,"45":1,"46":1,"47":1,"48":4,"49":1,"50":1,"51":1,"52":3,"53":1,"54":1,"55":1,"56":2,"57":2,"58":2,"59":1,"60":1,"61":1,"62":1,"63":1,"64":1,"65":1,"66":1,"67":1,"68":1,"69":0,"70":1,"71":1,"72":0,"73":0,"74":0,"75":0,"76":0,"77":0,"78":0,"79":0,"80":0,"81":0,"82":0,"83":0,"84":0,"85":0},"f":{"0":0,"1":0,"2":4,"3":7,"4":0},"b":{"0":[0,0],"1":[0,0,0],"2":[0,0],"3":[0,0,0],"4":[0,0],"5":[1,3],"6":[1,2],"7":[1,1],"8":[1,0],"9":[1,0,0],"10":[1,6],"11":[1,5],"12":[1,4],"13":[1,3],"14":[1,2],"15":[1,1],"16":[0,1],"17":[1,0],"18":[1,0,0],"19":[0,0]},"_coverageSchema":"1a1c01bbd47fc00a2c39e90264f33305004495a9","hash":"fb116cc708de39177e29213d3e6cd8aed6b0af49"}
}
