{"/Users/admin/Desktop/BookingIasi/src/server/src/routes/userProfile/userProfile.controller.js": {"path":"/Users/admin/Desktop/BookingIasi/src/server/src/routes/userProfile/userProfile.controller.js","statementMap":{"0":{"start":{"line":5,"column":35},"end":{"line":5,"column":43}},"1":{"start":{"line":7,"column":4},"end":{"line":11,"column":5}},"2":{"start":{"line":8,"column":8},"end":{"line":8,"column":92}},"3":{"start":{"line":9,"column":8},"end":{"line":9,"column":18}},"4":{"start":{"line":10,"column":8},"end":{"line":10,"column":15}},"5":{"start":{"line":13,"column":4},"end":{"line":17,"column":5}},"6":{"start":{"line":14,"column":8},"end":{"line":14,"column":92}},"7":{"start":{"line":15,"column":8},"end":{"line":15,"column":18}},"8":{"start":{"line":16,"column":8},"end":{"line":16,"column":15}},"9":{"start":{"line":19,"column":17},"end":{"line":19,"column":41}},"10":{"start":{"line":20,"column":4},"end":{"line":20,"column":26}},"11":{"start":{"line":21,"column":27},"end":{"line":21,"column":45}},"12":{"start":{"line":23,"column":19},"end":{"line":23,"column":106}},"13":{"start":{"line":25,"column":18},"end":{"line":25,"column":72}},"14":{"start":{"line":27,"column":4},"end":{"line":32,"column":5}},"15":{"start":{"line":28,"column":8},"end":{"line":28,"column":92}},"16":{"start":{"line":31,"column":8},"end":{"line":31,"column":66}},"17":{"start":{"line":34,"column":4},"end":{"line":34,"column":14}},"18":{"start":{"line":38,"column":65},"end":{"line":38,"column":73}},"19":{"start":{"line":40,"column":4},"end":{"line":44,"column":5}},"20":{"start":{"line":41,"column":8},"end":{"line":41,"column":94}},"21":{"start":{"line":42,"column":8},"end":{"line":42,"column":18}},"22":{"start":{"line":43,"column":8},"end":{"line":43,"column":15}},"23":{"start":{"line":45,"column":4},"end":{"line":49,"column":5}},"24":{"start":{"line":46,"column":8},"end":{"line":46,"column":95}},"25":{"start":{"line":47,"column":8},"end":{"line":47,"column":18}},"26":{"start":{"line":48,"column":8},"end":{"line":48,"column":15}},"27":{"start":{"line":50,"column":4},"end":{"line":54,"column":5}},"28":{"start":{"line":51,"column":8},"end":{"line":51,"column":92}},"29":{"start":{"line":52,"column":8},"end":{"line":52,"column":18}},"30":{"start":{"line":53,"column":8},"end":{"line":53,"column":15}},"31":{"start":{"line":55,"column":4},"end":{"line":59,"column":5}},"32":{"start":{"line":56,"column":8},"end":{"line":56,"column":89}},"33":{"start":{"line":57,"column":8},"end":{"line":57,"column":18}},"34":{"start":{"line":58,"column":8},"end":{"line":58,"column":15}},"35":{"start":{"line":60,"column":4},"end":{"line":64,"column":5}},"36":{"start":{"line":61,"column":8},"end":{"line":61,"column":92}},"37":{"start":{"line":62,"column":8},"end":{"line":62,"column":18}},"38":{"start":{"line":63,"column":8},"end":{"line":63,"column":15}},"39":{"start":{"line":66,"column":19},"end":{"line":66,"column":71}},"40":{"start":{"line":68,"column":18},"end":{"line":68,"column":72}},"41":{"start":{"line":70,"column":4},"end":{"line":74,"column":5}},"42":{"start":{"line":71,"column":8},"end":{"line":71,"column":89}},"43":{"start":{"line":72,"column":8},"end":{"line":72,"column":18}},"44":{"start":{"line":73,"column":8},"end":{"line":73,"column":15}},"45":{"start":{"line":76,"column":17},"end":{"line":76,"column":41}},"46":{"start":{"line":77,"column":4},"end":{"line":77,"column":26}},"47":{"start":{"line":78,"column":27},"end":{"line":78,"column":45}},"48":{"start":{"line":80,"column":25},"end":{"line":82,"column":6}},"49":{"start":{"line":83,"column":4},"end":{"line":83,"column":32}},"50":{"start":{"line":84,"column":17},"end":{"line":84,"column":77}},"51":{"start":{"line":85,"column":4},"end":{"line":89,"column":7}},"52":{"start":{"line":86,"column":8},"end":{"line":86,"column":109}},"53":{"start":{"line":88,"column":8},"end":{"line":88,"column":67}},"54":{"start":{"line":91,"column":6},"end":{"line":91,"column":16}}},"fnMap":{"0":{"name":"checkCredentialsAgainstDatabase","decl":{"start":{"line":3,"column":15},"end":{"line":3,"column":46}},"loc":{"start":{"line":3,"column":56},"end":{"line":35,"column":1}},"line":3},"1":{"name":"addCredentialsToDatabase","decl":{"start":{"line":37,"column":15},"end":{"line":37,"column":39}},"loc":{"start":{"line":37,"column":49},"end":{"line":92,"column":1}},"line":37}},"branchMap":{"0":{"loc":{"start":{"line":7,"column":4},"end":{"line":11,"column":5}},"type":"if","locations":[{"start":{"line":7,"column":4},"end":{"line":11,"column":5}},{"start":{},"end":{}}],"line":7},"1":{"loc":{"start":{"line":13,"column":4},"end":{"line":17,"column":5}},"type":"if","locations":[{"start":{"line":13,"column":4},"end":{"line":17,"column":5}},{"start":{},"end":{}}],"line":13},"2":{"loc":{"start":{"line":27,"column":4},"end":{"line":32,"column":5}},"type":"if","locations":[{"start":{"line":27,"column":4},"end":{"line":32,"column":5}},{"start":{"line":30,"column":8},"end":{"line":32,"column":5}}],"line":27},"3":{"loc":{"start":{"line":40,"column":4},"end":{"line":44,"column":5}},"type":"if","locations":[{"start":{"line":40,"column":4},"end":{"line":44,"column":5}},{"start":{},"end":{}}],"line":40},"4":{"loc":{"start":{"line":45,"column":4},"end":{"line":49,"column":5}},"type":"if","locations":[{"start":{"line":45,"column":4},"end":{"line":49,"column":5}},{"start":{},"end":{}}],"line":45},"5":{"loc":{"start":{"line":50,"column":4},"end":{"line":54,"column":5}},"type":"if","locations":[{"start":{"line":50,"column":4},"end":{"line":54,"column":5}},{"start":{},"end":{}}],"line":50},"6":{"loc":{"start":{"line":55,"column":4},"end":{"line":59,"column":5}},"type":"if","locations":[{"start":{"line":55,"column":4},"end":{"line":59,"column":5}},{"start":{},"end":{}}],"line":55},"7":{"loc":{"start":{"line":60,"column":4},"end":{"line":64,"column":5}},"type":"if","locations":[{"start":{"line":60,"column":4},"end":{"line":64,"column":5}},{"start":{},"end":{}}],"line":60},"8":{"loc":{"start":{"line":70,"column":4},"end":{"line":74,"column":5}},"type":"if","locations":[{"start":{"line":70,"column":4},"end":{"line":74,"column":5}},{"start":{},"end":{}}],"line":70},"9":{"loc":{"start":{"line":85,"column":4},"end":{"line":89,"column":7}},"type":"if","locations":[{"start":{"line":85,"column":4},"end":{"line":89,"column":7}},{"start":{"line":87,"column":13},"end":{"line":89,"column":7}}],"line":85}},"s":{"0":4,"1":4,"2":1,"3":1,"4":1,"5":3,"6":1,"7":1,"8":1,"9":2,"10":2,"11":2,"12":2,"13":2,"14":2,"15":1,"16":1,"17":2,"18":7,"19":7,"20":1,"21":1,"22":1,"23":6,"24":1,"25":1,"26":1,"27":5,"28":1,"29":1,"30":1,"31":4,"32":1,"33":1,"34":1,"35":3,"36":1,"37":1,"38":1,"39":2,"40":2,"41":2,"42":1,"43":1,"44":1,"45":1,"46":1,"47":1,"48":1,"49":1,"50":1,"51":1,"52":0,"53":1,"54":1},"f":{"0":4,"1":7},"b":{"0":[1,3],"1":[1,2],"2":[1,1],"3":[1,6],"4":[1,5],"5":[1,4],"6":[1,3],"7":[1,2],"8":[1,1],"9":[0,1]},"_coverageSchema":"1a1c01bbd47fc00a2c39e90264f33305004495a9","hash":"460401de5fd08d5df109334de22d69cdd5125f2c"}
}
