TN:
SF:src\server\src\routes\attractionsInfo\attractionsInfo.controller.js
FN:6,getHotelsNamesFromDatabase
FN:11,(anonymous_1)
FN:20,getAttractionsForHotel
FN:41,getHotelIdByName
FN:65,getAttractionsAndHotelCoordinates
FN:85,getAttractionsWithDirections
FN:89,(anonymous_6)
FNF:7
FNH:7
FNDA:2,getHotelsNamesFromDatabase
FNDA:2,(anonymous_1)
FNDA:2,getAttractionsForHotel
FNDA:3,getHotelIdByName
FNDA:2,getAttractionsAndHotelCoordinates
FNDA:2,getAttractionsWithDirections
FNDA:4,(anonymous_6)
DA:4,1
DA:7,2
DA:8,2
DA:9,2
DA:10,1
DA:11,2
DA:12,1
DA:14,1
DA:15,1
DA:17,2
DA:21,2
DA:22,2
DA:24,2
DA:32,2
DA:33,1
DA:35,1
DA:36,1
DA:38,2
DA:42,3
DA:43,3
DA:44,3
DA:50,3
DA:52,2
DA:53,1
DA:54,1
DA:56,1
DA:59,1
DA:60,1
DA:62,3
DA:66,2
DA:67,2
DA:68,2
DA:75,2
DA:76,1
DA:78,1
DA:79,1
DA:81,2
DA:86,2
DA:87,2
DA:88,2
DA:89,4
DA:90,2
DA:92,2
DA:94,2
DA:95,2
DA:97,2
DA:99,0
DA:100,0
LF:48
LH:46
BRDA:52,0,0,1
BRDA:52,0,1,1
BRF:2
BRH:2
end_of_record
TN:
SF:src\server\src\routes\hotels\hotels.controller.js
FN:3,getHotelsNamesFromDatabase
FN:8,(anonymous_1)
FN:19,getInformationAboutHotel
FNF:3
FNH:3
FNDA:2,getHotelsNamesFromDatabase
FNDA:2,(anonymous_1)
FNDA:3,getInformationAboutHotel
DA:4,2
DA:5,2
DA:6,2
DA:7,1
DA:8,2
DA:9,1
DA:11,1
DA:12,1
DA:13,1
DA:16,2
DA:21,3
DA:22,3
DA:24,3
DA:27,3
DA:28,1
DA:30,2
DA:31,2
DA:32,2
DA:35,3
LF:19
LH:19
BRF:0
BRH:0
end_of_record
TN:
SF:src\server\src\routes\panoramas\panoramas.controller.js
FN:8,httpGetPanorama
FN:33,httpGetPanoramaScene
FN:59,httpUploadPanorama
FN:63,httpUpdatePanoramaScene
FNF:4
FNH:2
FNDA:4,httpGetPanorama
FNDA:2,httpGetPanoramaScene
FNDA:0,httpUploadPanorama
FNDA:0,httpUpdatePanoramaScene
DA:9,4
DA:10,4
DA:11,4
DA:12,4
DA:14,4
DA:15,4
DA:16,4
DA:17,4
DA:18,1
DA:20,3
DA:21,1
DA:26,2
DA:35,2
DA:36,2
DA:37,2
DA:38,2
DA:40,2
DA:41,2
DA:42,2
DA:43,1
DA:45,1
DA:46,1
DA:51,0
DA:52,0
DA:60,0
DA:64,0
LF:26
LH:22
BRDA:20,0,0,1
BRDA:20,0,1,2
BRDA:45,1,0,1
BRDA:45,1,1,0
BRF:4
BRH:3
end_of_record
TN:
SF:src\server\src\routes\userProfile\userProfile.controller.js
FN:4,editLoggedUserInfo
FN:17,getUserInfo
FN:29,(anonymous_2)
FN:40,logout
FN:58,checkCookie
FN:74,checkCredentialsAgainstDatabase
FN:120,addCredentialsToDatabase
FN:193,saveHealthData
FNF:8
FNH:2
FNDA:0,editLoggedUserInfo
FNDA:0,getUserInfo
FNDA:0,(anonymous_2)
FNDA:0,logout
FNDA:0,checkCookie
FNDA:4,checkCredentialsAgainstDatabase
FNDA:7,addCredentialsToDatabase
FNDA:0,saveHealthData
DA:5,0
DA:6,0
DA:9,0
DA:10,0
DA:11,0
DA:13,0
DA:14,0
DA:19,0
DA:22,0
DA:23,0
DA:25,0
DA:26,0
DA:29,0
DA:30,0
DA:31,0
DA:34,0
DA:36,0
DA:41,0
DA:42,0
DA:48,0
DA:53,0
DA:55,0
DA:59,0
DA:60,0
DA:61,0
DA:62,0
DA:63,0
DA:64,0
DA:65,0
DA:66,0
DA:68,0
DA:71,0
DA:76,4
DA:78,4
DA:79,1
DA:80,1
DA:81,1
DA:84,3
DA:85,1
DA:86,1
DA:87,1
DA:90,2
DA:91,2
DA:92,2
DA:94,2
DA:96,2
DA:98,2
DA:99,1
DA:102,1
DA:103,1
DA:108,0
DA:114,0
DA:116,0
DA:118,1
DA:121,7
DA:123,7
DA:124,1
DA:125,1
DA:126,1
DA:128,6
DA:129,1
DA:130,1
DA:131,1
DA:133,5
DA:134,1
DA:135,1
DA:136,1
DA:138,4
DA:139,1
DA:140,1
DA:141,1
DA:143,3
DA:144,1
DA:145,1
DA:146,1
DA:149,2
DA:151,2
DA:153,2
DA:154,1
DA:155,1
DA:156,1
DA:159,1
DA:160,1
DA:161,1
DA:163,1
DA:166,1
DA:167,1
DA:168,1
DA:169,0
DA:172,1
DA:173,1
DA:179,0
DA:186,0
DA:188,0
DA:191,0
DA:194,0
DA:198,0
DA:200,0
DA:201,0
DA:204,0
DA:206,0
DA:207,0
DA:208,0
DA:209,0
DA:212,0
DA:214,0
DA:215,0
DA:216,0
DA:217,0
DA:218,0
DA:219,0
DA:221,0
DA:226,0
DA:227,0
DA:229,0
DA:230,0
LF:116
LH:55
BRDA:25,0,0,0
BRDA:25,0,1,0
BRDA:41,1,0,0
BRDA:41,1,1,0
BRDA:41,2,0,0
BRDA:41,2,1,0
BRDA:41,2,2,0
BRDA:62,3,0,0
BRDA:62,3,1,0
BRDA:62,4,0,0
BRDA:62,4,1,0
BRDA:62,4,2,0
BRDA:65,5,0,0
BRDA:65,5,1,0
BRDA:78,6,0,1
BRDA:78,6,1,3
BRDA:84,7,0,1
BRDA:84,7,1,2
BRDA:98,8,0,1
BRDA:98,8,1,1
BRDA:102,9,0,1
BRDA:102,9,1,0
BRDA:102,10,0,1
BRDA:102,10,1,0
BRDA:102,10,2,0
BRDA:123,11,0,1
BRDA:123,11,1,6
BRDA:128,12,0,1
BRDA:128,12,1,5
BRDA:133,13,0,1
BRDA:133,13,1,4
BRDA:138,14,0,1
BRDA:138,14,1,3
BRDA:143,15,0,1
BRDA:143,15,1,2
BRDA:153,16,0,1
BRDA:153,16,1,1
BRDA:168,17,0,0
BRDA:168,17,1,1
BRDA:172,18,0,1
BRDA:172,18,1,0
BRDA:172,19,0,1
BRDA:172,19,1,0
BRDA:172,19,2,0
BRDA:200,20,0,0
BRDA:200,20,1,0
BRDA:208,21,0,0
BRDA:208,21,1,0
BRDA:214,22,0,0
BRDA:214,22,1,0
BRDA:215,23,0,0
BRDA:215,23,1,0
BRDA:216,24,0,0
BRDA:216,24,1,0
BRDA:217,25,0,0
BRDA:217,25,1,0
BRDA:218,26,0,0
BRDA:218,26,1,0
BRDA:218,27,0,0
BRDA:218,27,1,0
BRDA:219,28,0,0
BRDA:219,28,1,0
BRF:62
BRH:23
end_of_record
