TN:
SF:src\server\src\routes\panoramas\panoramas.controller.js
FN:8,httpGetPanorama
FN:33,httpGetPanoramaScene
FN:55,httpUploadPanorama
FN:59,httpUpdatePanoramaScene
FNF:4
FNH:2
FNDA:4,httpGetPanorama
FNDA:2,httpGetPanoramaScene
FNDA:0,httpUploadPanorama
FNDA:0,httpUpdatePanoramaScene
DA:9,4
DA:10,4
DA:11,4
DA:12,4
DA:14,4
DA:15,4
DA:16,4
DA:17,4
DA:18,1
DA:20,3
DA:21,1
DA:26,2
DA:34,2
DA:35,2
DA:36,2
DA:38,2
DA:39,2
DA:40,1
DA:42,1
DA:43,1
DA:48,0
DA:56,0
DA:60,0
LF:23
LH:20
BRDA:20,0,0,1
BRDA:20,0,1,2
BRDA:42,1,0,1
BRDA:42,1,1,0
BRF:4
BRH:3
end_of_record
TN:
SF:src\server\src\routes\userProfile\userProfile.controller.js
FN:3,checkCredentialsAgainstDatabase
FN:37,addCredentialsToDatabase
FNF:2
FNH:2
FNDA:4,checkCredentialsAgainstDatabase
FNDA:7,addCredentialsToDatabase
DA:5,4
DA:7,4
DA:8,1
DA:9,1
DA:10,1
DA:13,3
DA:14,1
DA:15,1
DA:16,1
DA:19,2
DA:20,2
DA:21,2
DA:23,2
DA:25,2
DA:27,2
DA:28,1
DA:31,1
DA:34,2
DA:38,7
DA:40,7
DA:41,1
DA:42,1
DA:43,1
DA:45,6
DA:46,1
DA:47,1
DA:48,1
DA:50,5
DA:51,1
DA:52,1
DA:53,1
DA:55,4
DA:56,1
DA:57,1
DA:58,1
DA:60,3
DA:61,1
DA:62,1
DA:63,1
DA:66,2
DA:68,2
DA:70,2
DA:71,1
DA:72,1
DA:73,1
DA:76,1
DA:77,1
DA:78,1
DA:80,1
DA:83,1
DA:84,1
DA:85,1
DA:86,0
DA:88,1
DA:91,1
LF:55
LH:54
BRDA:7,0,0,1
BRDA:7,0,1,3
BRDA:13,1,0,1
BRDA:13,1,1,2
BRDA:27,2,0,1
BRDA:27,2,1,1
BRDA:40,3,0,1
BRDA:40,3,1,6
BRDA:45,4,0,1
BRDA:45,4,1,5
BRDA:50,5,0,1
BRDA:50,5,1,4
BRDA:55,6,0,1
BRDA:55,6,1,3
BRDA:60,7,0,1
BRDA:60,7,1,2
BRDA:70,8,0,1
BRDA:70,8,1,1
BRDA:85,9,0,0
BRDA:85,9,1,1
BRF:20
BRH:19
end_of_record
